app/build/intermediates/manifest_merge_blame_file/debug/processDebugMainManifest/manifest-merger-blame-debug-report.txt
1<?xml version="1.0" encoding="utf-8"?>
2<manifest xmlns:android="http://schemas.android.com/apk/res/android"
3    package="com.rayan.noteapp"
4    android:versionCode="2"
5    android:versionName="2.0" >
6
7    <uses-sdk
8        android:minSdkVersion="26"
9        android:targetSdkVersion="35" />
10
11    <uses-permission android:name="android.permission.POST_NOTIFICATIONS" />
11-->src/main/AndroidManifest.xml:5:5-6:64
11-->src/main/AndroidManifest.xml:6:9-61
12
13    <application
13-->src/main/AndroidManifest.xml:8:5-46:19
14        android:allowBackup="true"
14-->src/main/AndroidManifest.xml:9:9-35
15        android:debuggable="true"
16        android:extractNativeLibs="false"
17        android:icon="@mipmap/ic_launcher"
17-->src/main/AndroidManifest.xml:12:9-43
18        android:label="Notes"
18-->src/main/AndroidManifest.xml:10:9-30
19        android:roundIcon="@mipmap/ic_launcher_round"
19-->src/main/AndroidManifest.xml:13:9-54
20        android:supportsRtl="true"
20-->src/main/AndroidManifest.xml:14:9-35
21        android:theme="@style/AppTheme"
21-->src/main/AndroidManifest.xml:11:9-40
22        android:usesCleartextTraffic="false" >
22-->src/main/AndroidManifest.xml:15:9-45
23        <activity
23-->src/main/AndroidManifest.xml:16:1-19:32
24            android:name="com.rayan.noteapp.LockActivity"
24-->src/main/AndroidManifest.xml:17:5-33
25            android:exported="false"
25-->src/main/AndroidManifest.xml:19:5-29
26            android:screenOrientation="portrait" />
26-->src/main/AndroidManifest.xml:18:5-41
27        <activity
27-->src/main/AndroidManifest.xml:20:9-23:40
28            android:name="com.rayan.noteapp.EditorActivity"
28-->src/main/AndroidManifest.xml:21:13-43
29            android:exported="false"
29-->src/main/AndroidManifest.xml:23:13-37
30            android:screenOrientation="portrait" />
30-->src/main/AndroidManifest.xml:22:13-49
31        <activity
31-->src/main/AndroidManifest.xml:25:9-40:20
32            android:name="com.rayan.noteapp.MainActivity"
32-->src/main/AndroidManifest.xml:26:13-41
33            android:exported="true"
33-->src/main/AndroidManifest.xml:28:13-36
34            android:screenOrientation="portrait" >
34-->src/main/AndroidManifest.xml:27:13-49
35            <intent-filter>
35-->src/main/AndroidManifest.xml:30:13-38:29
36                <action android:name="android.intent.action.MAIN" />
36-->src/main/AndroidManifest.xml:32:17-33:65
36-->src/main/AndroidManifest.xml:33:21-62
37
38                <category android:name="android.intent.category.LAUNCHER" />
38-->src/main/AndroidManifest.xml:35:17-36:71
38-->src/main/AndroidManifest.xml:36:21-68
39            </intent-filter>
40        </activity>
41
42        <receiver
42-->src/main/AndroidManifest.xml:42:9-44:40
43            android:name="com.rayan.noteapp.ReminderReceiver"
43-->src/main/AndroidManifest.xml:43:13-45
44            android:exported="false" />
44-->src/main/AndroidManifest.xml:44:13-37
45    </application>
46
47</manifest>